<?xml version="1.0" encoding="UTF-8" ?>
<testsuite failures="0" time="307.993" errors="3" skipped="0" tests="4" name="net.canang.corernd.core.RndUserDaoTest">
  <properties>
    <property name="jboss.i18n.generate-proxies" value="true"/>
    <property name="java.runtime.name" value="Java(TM) SE Runtime Environment"/>
    <property name="sun.boot.library.path" value="C:\Java\jdk1.7.0_21\jre\bin"/>
    <property name="java.vm.version" value="23.21-b01"/>
    <property name="java.vm.vendor" value="Oracle Corporation"/>
    <property name="java.vendor.url" value="http://java.oracle.com/"/>
    <property name="path.separator" value=";"/>
    <property name="java.vm.name" value="Java HotSpot(TM) 64-Bit Server VM"/>
    <property name="file.encoding.pkg" value="sun.io"/>
    <property name="user.script" value=""/>
    <property name="user.country" value="MY"/>
    <property name="sun.java.launcher" value="SUN_STANDARD"/>
    <property name="sun.os.patch.level" value="Service Pack 1"/>
    <property name="java.vm.specification.name" value="Java Virtual Machine Specification"/>
    <property name="user.dir" value="C:\Projects\GitHub\core-rnd"/>
    <property name="java.runtime.version" value="1.7.0_21-b11"/>
    <property name="java.awt.graphicsenv" value="sun.awt.Win32GraphicsEnvironment"/>
    <property name="basedir" value="C:\Projects\GitHub\core-rnd"/>
    <property name="java.endorsed.dirs" value="C:\Java\jdk1.7.0_21\jre\lib\endorsed"/>
    <property name="os.arch" value="amd64"/>
    <property name="surefire.real.class.path" value="C:\Users\ct1\AppData\Local\Temp\surefirebooter8179451614457497051.jar"/>
    <property name="java.io.tmpdir" value="C:\Users\ct1\AppData\Local\Temp\"/>
    <property name="line.separator" value="
"/>
    <property name="java.vm.specification.vendor" value="Oracle Corporation"/>
    <property name="user.variant" value=""/>
    <property name="os.name" value="Windows 7"/>
    <property name="sun.jnu.encoding" value="Cp1252"/>
    <property name="java.library.path" value="C:\Java\jdk1.7.0_21\jre\bin;C:\Windows\Sun\Java\bin;C:\Windows\system32;C:\Windows;C:\oracle\DevSuiteHome_2\jdk\jre\bin\classic;C:\oracle\DevSuiteHome_2\jdk\jre\bin;C:\oracle\DevSuiteHome_2\jdk\jre\bin\client;C:\oracle\DevSuiteHome_2\jlib;C:\oracle\DevSuiteHome_2\bin;C:\oracle\DevSuiteHome_2\jre\1.4.2\bin\client;C:\oracle\DevSuiteHome_2\jre\1.4.2\bin;C:\oracle\DevSuiteHome_1\jdk\jre\bin\client;C:\oracle\DevSuiteHome_1\bin;C:\oracle\DevSuiteHome_1\jlib;C:\oracle\product\10.2.0\dbct\bin;C:\Program Files\Common Files\Microsoft Shared\Windows Live;C:\Program Files (x86)\Common Files\Microsoft Shared\Windows Live;C:\Program Files (x86)\NVIDIA Corporation\PhysX\Common;C:\Program Files (x86)\Intel\iCLS Client\;C:\Program Files\Intel\iCLS Client\;C:\Windows\system32;C:\Windows;C:\Windows\System32\Wbem;C:\Windows\System32\WindowsPowerShell\v1.0\;C:\Program Files\Intel\Intel(R) Management Engine Components\DAL;C:\Program Files\Intel\Intel(R) Management Engine Components\IPT;C:\Program Files (x86)\Intel\Intel(R) Management Engine Components\DAL;C:\Program Files (x86)\Intel\Intel(R) Management Engine Components\IPT;C:\Program Files\Intel\WiFi\bin\;C:\Program Files\Common Files\Intel\WirelessCommon\;C:\Program Files\Diskeeper Corporation\ExpressCache\;C:\Program Files (x86)\Intel\OpenCL SDK\2.0\bin\x86;C:\Program Files (x86)\Intel\OpenCL SDK\2.0\bin\x64;C:\Program Files\Common Files\Lenovo;C:\Program Files (x86)\Windows Live\Shared;C:\SWTOOLS\ReadyApps;C:\Program Files (x86)\Symantec\VIP Access Client\;C:\Program Files (x86)\Common Files\Lenovo;C:\Program Files\TortoiseSVN\bin;;.COM;.EXE;.BAT;.CMD;.VBS;.VBE;.JS;.JSE;.WSF;.WSH;.MSC;C:\Java\jdk1.7.0_21\bin;C:\Java\apache-maven-2.2.1\bin;C:\Windows\system32\config\systemprofile\.ssh;C:\Program Files (x86)\Git\cmd;."/>
    <property name="surefire.test.class.path" value="C:\Projects\GitHub\core-rnd\target\test-classes;C:\Projects\GitHub\core-rnd\target\classes;C:\Users\ct1\.m2\repository\javax\ejb\ejb-api\3.0\ejb-api-3.0.jar;C:\Users\ct1\.m2\repository\javax\transaction\jta\1.0.1B\jta-1.0.1B.jar;C:\Users\ct1\.m2\repository\javax\validation\validation-api\1.0.0.GA\validation-api-1.0.0.GA.jar;C:\Users\ct1\.m2\repository\org\springframework\spring-test\3.2.3.RELEASE\spring-test-3.2.3.RELEASE.jar;C:\Users\ct1\.m2\repository\org\springframework\spring-core\3.2.3.RELEASE\spring-core-3.2.3.RELEASE.jar;C:\Users\ct1\.m2\repository\commons-logging\commons-logging\1.1\commons-logging-1.1.jar;C:\Users\ct1\.m2\repository\org\springframework\spring-context\3.2.3.RELEASE\spring-context-3.2.3.RELEASE.jar;C:\Users\ct1\.m2\repository\org\springframework\spring-aop\3.2.3.RELEASE\spring-aop-3.2.3.RELEASE.jar;C:\Users\ct1\.m2\repository\aopalliance\aopalliance\1.0\aopalliance-1.0.jar;C:\Users\ct1\.m2\repository\org\springframework\spring-beans\3.2.3.RELEASE\spring-beans-3.2.3.RELEASE.jar;C:\Users\ct1\.m2\repository\org\springframework\spring-expression\3.2.3.RELEASE\spring-expression-3.2.3.RELEASE.jar;C:\Users\ct1\.m2\repository\org\springframework\spring-orm\3.2.3.RELEASE\spring-orm-3.2.3.RELEASE.jar;C:\Users\ct1\.m2\repository\org\springframework\spring-jdbc\3.2.3.RELEASE\spring-jdbc-3.2.3.RELEASE.jar;C:\Users\ct1\.m2\repository\org\springframework\spring-tx\3.2.3.RELEASE\spring-tx-3.2.3.RELEASE.jar;C:\Users\ct1\.m2\repository\org\springframework\spring-oxm\3.2.3.RELEASE\spring-oxm-3.2.3.RELEASE.jar;C:\Users\ct1\.m2\repository\org\springframework\spring-aspects\3.2.3.RELEASE\spring-aspects-3.2.3.RELEASE.jar;C:\Users\ct1\.m2\repository\org\aspectj\aspectjweaver\1.7.2\aspectjweaver-1.7.2.jar;C:\Users\ct1\.m2\repository\org\springframework\spring-context-support\3.2.3.RELEASE\spring-context-support-3.2.3.RELEASE.jar;C:\Users\ct1\.m2\repository\org\springframework\security\spring-security-core\3.2.0.M2\spring-security-core-3.2.0.M2.jar;C:\Users\ct1\.m2\repository\org\springframework\spring-web\3.2.3.RELEASE\spring-web-3.2.3.RELEASE.jar;C:\Users\ct1\.m2\repository\org\springframework\spring-webmvc\3.2.3.RELEASE\spring-webmvc-3.2.3.RELEASE.jar;C:\Users\ct1\.m2\repository\org\springframework\security\spring-security-config\3.2.0.M2\spring-security-config-3.2.0.M2.jar;C:\Users\ct1\.m2\repository\org\springframework\security\spring-security-openid\3.2.0.M2\spring-security-openid-3.2.0.M2.jar;C:\Users\ct1\.m2\repository\org\apache\httpcomponents\httpclient\4.1.1\httpclient-4.1.1.jar;C:\Users\ct1\.m2\repository\org\apache\httpcomponents\httpcore\4.1\httpcore-4.1.jar;C:\Users\ct1\.m2\repository\commons-codec\commons-codec\1.4\commons-codec-1.4.jar;C:\Users\ct1\.m2\repository\com\google\inject\guice\2.0\guice-2.0.jar;C:\Users\ct1\.m2\repository\org\openid4java\openid4java-nodeps\0.9.6\openid4java-nodeps-0.9.6.jar;C:\Users\ct1\.m2\repository\net\jcip\jcip-annotations\1.0\jcip-annotations-1.0.jar;C:\Users\ct1\.m2\repository\org\springframework\security\spring-security-web\3.2.0.M2\spring-security-web-3.2.0.M2.jar;C:\Users\ct1\.m2\repository\org\springframework\security\spring-security-taglibs\3.2.0.M2\spring-security-taglibs-3.2.0.M2.jar;C:\Users\ct1\.m2\repository\org\springframework\security\spring-security-acl\3.2.0.M2\spring-security-acl-3.2.0.M2.jar;C:\Users\ct1\.m2\repository\org\springframework\batch\spring-batch-core\2.1.8.RELEASE\spring-batch-core-2.1.8.RELEASE.jar;C:\Users\ct1\.m2\repository\org\springframework\batch\spring-batch-infrastructure\2.1.8.RELEASE\spring-batch-infrastructure-2.1.8.RELEASE.jar;C:\Users\ct1\.m2\repository\com\thoughtworks\xstream\xstream\1.3\xstream-1.3.jar;C:\Users\ct1\.m2\repository\xpp3\xpp3_min\1.1.4c\xpp3_min-1.1.4c.jar;C:\Users\ct1\.m2\repository\org\codehaus\jettison\jettison\1.1\jettison-1.1.jar;C:\Users\ct1\.m2\repository\org\springframework\batch\spring-batch-test\2.1.8.RELEASE\spring-batch-test-2.1.8.RELEASE.jar;C:\Users\ct1\.m2\repository\junit\junit\4.8.1\junit-4.8.1.jar;C:\Users\ct1\.m2\repository\commons-io\commons-io\2.1\commons-io-2.1.jar;C:\Users\ct1\.m2\repository\commons-dbcp\commons-dbcp\1.4\commons-dbcp-1.4.jar;C:\Users\ct1\.m2\repository\commons-pool\commons-pool\1.5.4\commons-pool-1.5.4.jar;C:\Users\ct1\.m2\repository\commons-collections\commons-collections\3.2.1\commons-collections-3.2.1.jar;C:\Users\ct1\.m2\repository\org\codehaus\jackson\jackson-mapper-asl\1.9.10\jackson-mapper-asl-1.9.10.jar;C:\Users\ct1\.m2\repository\org\codehaus\jackson\jackson-core-asl\1.9.10\jackson-core-asl-1.9.10.jar;C:\Users\ct1\.m2\repository\org\hibernate\hibernate-core\4.1.9.Final\hibernate-core-4.1.9.Final.jar;C:\Users\ct1\.m2\repository\antlr\antlr\2.7.7\antlr-2.7.7.jar;C:\Users\ct1\.m2\repository\org\jboss\logging\jboss-logging\3.1.0.GA\jboss-logging-3.1.0.GA.jar;C:\Users\ct1\.m2\repository\org\javassist\javassist\3.17.1-GA\javassist-3.17.1-GA.jar;C:\Users\ct1\.m2\repository\org\jboss\spec\javax\transaction\jboss-transaction-api_1.1_spec\1.0.0.Final\jboss-transaction-api_1.1_spec-1.0.0.Final.jar;C:\Users\ct1\.m2\repository\dom4j\dom4j\1.6.1\dom4j-1.6.1.jar;C:\Users\ct1\.m2\repository\org\hibernate\javax\persistence\hibernate-jpa-2.0-api\1.0.1.Final\hibernate-jpa-2.0-api-1.0.1.Final.jar;C:\Users\ct1\.m2\repository\org\hibernate\common\hibernate-commons-annotations\4.0.1.Final\hibernate-commons-annotations-4.0.1.Final.jar;C:\Users\ct1\.m2\repository\org\hibernate\hibernate-validator\4.0.2.GA\hibernate-validator-4.0.2.GA.jar;C:\Users\ct1\.m2\repository\org\slf4j\slf4j-api\1.5.6\slf4j-api-1.5.6.jar;C:\Users\ct1\.m2\repository\javax\xml\bind\jaxb-api\2.1\jaxb-api-2.1.jar;C:\Users\ct1\.m2\repository\javax\xml\stream\stax-api\1.0-2\stax-api-1.0-2.jar;C:\Users\ct1\.m2\repository\javax\activation\activation\1.1\activation-1.1.jar;C:\Users\ct1\.m2\repository\com\sun\xml\bind\jaxb-impl\2.1.3\jaxb-impl-2.1.3.jar;C:\Users\ct1\.m2\repository\org\hibernate\hibernate-search\4.2.0.Final\hibernate-search-4.2.0.Final.jar;C:\Users\ct1\.m2\repository\org\hibernate\hibernate-search-orm\4.2.0.Final\hibernate-search-orm-4.2.0.Final.jar;C:\Users\ct1\.m2\repository\org\hibernate\hibernate-search-engine\4.2.0.Final\hibernate-search-engine-4.2.0.Final.jar;C:\Users\ct1\.m2\repository\org\hibernate\hibernate-search-analyzers\4.2.0.Final\hibernate-search-analyzers-4.2.0.Final.jar;C:\Users\ct1\.m2\repository\org\apache\lucene\lucene-core\3.6.2\lucene-core-3.6.2.jar;C:\Users\ct1\.m2\repository\org\apache\lucene\lucene-analyzers\3.6.2\lucene-analyzers-3.6.2.jar;C:\Users\ct1\.m2\repository\org\apache\solr\solr-analysis-extras\3.6.2\solr-analysis-extras-3.6.2.jar;C:\Users\ct1\.m2\repository\org\apache\solr\solr-core\3.6.2\solr-core-3.6.2.jar;C:\Users\ct1\.m2\repository\org\apache\solr\solr-solrj\3.6.2\solr-solrj-3.6.2.jar;C:\Users\ct1\.m2\repository\org\apache\lucene\lucene-highlighter\3.6.2\lucene-highlighter-3.6.2.jar;C:\Users\ct1\.m2\repository\org\apache\lucene\lucene-memory\3.6.2\lucene-memory-3.6.2.jar;C:\Users\ct1\.m2\repository\org\apache\lucene\lucene-kuromoji\3.6.2\lucene-kuromoji-3.6.2.jar;C:\Users\ct1\.m2\repository\org\apache\lucene\lucene-misc\3.6.2\lucene-misc-3.6.2.jar;C:\Users\ct1\.m2\repository\org\apache\lucene\lucene-phonetic\3.6.2\lucene-phonetic-3.6.2.jar;C:\Users\ct1\.m2\repository\org\apache\lucene\lucene-spatial\3.6.2\lucene-spatial-3.6.2.jar;C:\Users\ct1\.m2\repository\org\apache\lucene\lucene-spellchecker\3.6.2\lucene-spellchecker-3.6.2.jar;C:\Users\ct1\.m2\repository\org\apache\lucene\lucene-grouping\3.6.2\lucene-grouping-3.6.2.jar;C:\Users\ct1\.m2\repository\commons-lang\commons-lang\2.5\commons-lang-2.5.jar;C:\Users\ct1\.m2\repository\com\google\guava\guava\r05\guava-r05.jar;C:\Users\ct1\.m2\repository\org\apache\lucene\lucene-smartcn\3.6.2\lucene-smartcn-3.6.2.jar;C:\Users\ct1\.m2\repository\org\apache\lucene\lucene-stempel\3.6.2\lucene-stempel-3.6.2.jar;C:\Users\ct1\.m2\repository\org\apache\avro\avro\1.6.3\avro-1.6.3.jar;C:\Users\ct1\.m2\repository\com\thoughtworks\paranamer\paranamer\2.3\paranamer-2.3.jar;C:\Users\ct1\.m2\repository\org\xerial\snappy\snappy-java\1.0.4.1\snappy-java-1.0.4.1.jar;C:\Users\ct1\.m2\repository\org\apache\lucene\lucene-facet\3.6.2\lucene-facet-3.6.2.jar;C:\Users\ct1\.m2\repository\javassist\javassist\3.8.0.GA\javassist-3.8.0.GA.jar;C:\Users\ct1\.m2\repository\log4j\log4j\1.2.16\log4j-1.2.16.jar;C:\Users\ct1\.m2\repository\logkit\logkit\1.0.1\logkit-1.0.1.jar;C:\Users\ct1\.m2\repository\avalon-framework\avalon-framework\4.1.3\avalon-framework-4.1.3.jar;C:\Users\ct1\.m2\repository\javax\servlet\servlet-api\2.3\servlet-api-2.3.jar;C:\Users\ct1\.m2\repository\commons-chain\commons-chain\1.1\commons-chain-1.1.jar;C:\Users\ct1\.m2\repository\javax\portlet\portlet-api\1.0\portlet-api-1.0.jar;C:\Users\ct1\.m2\repository\myfaces\myfaces-api\1.1.0\myfaces-api-1.1.0.jar;C:\Users\ct1\.m2\repository\commons-beanutils\commons-beanutils\1.8.0\commons-beanutils-1.8.0.jar;C:\Users\ct1\.m2\repository\commons-digester\commons-digester\1.6\commons-digester-1.6.jar;C:\Users\ct1\.m2\repository\xml-apis\xml-apis\1.0.b2\xml-apis-1.0.b2.jar;C:\Users\ct1\.m2\repository\commons-el\commons-el\1.0\commons-el-1.0.jar;C:\Users\ct1\.m2\repository\commons-fileupload\commons-fileupload\1.2.2\commons-fileupload-1.2.2.jar;C:\Users\ct1\.m2\repository\commons-validator\commons-validator\1.1.4\commons-validator-1.1.4.jar;C:\Users\ct1\.m2\repository\oro\oro\2.0.8\oro-2.0.8.jar;C:\Users\ct1\.m2\repository\javax\servlet\jstl\1.1.2\jstl-1.1.2.jar;C:\Users\ct1\.m2\repository\org\opensymphony\quartz\quartz\1.6.1\quartz-1.6.1.jar;C:\Users\ct1\.m2\repository\javax\persistence\persistence-api\1.0\persistence-api-1.0.jar;C:\Users\ct1\.m2\repository\org\activiti\activiti-engine\5.6\activiti-engine-5.6.jar;C:\Users\ct1\.m2\repository\org\apache\commons\commons-email\1.2\commons-email-1.2.jar;C:\Users\ct1\.m2\repository\javax\mail\mail\1.4.1\mail-1.4.1.jar;C:\Users\ct1\.m2\repository\org\livetribe\livetribe-jsr223\2.0.6\livetribe-jsr223-2.0.6.jar;C:\Users\ct1\.m2\repository\org\mybatis\mybatis\3.0.4\mybatis-3.0.4.jar;C:\Users\ct1\.m2\repository\org\activiti\activiti-spring\5.6\activiti-spring-5.6.jar;C:\Users\ct1\.m2\repository\de\odysseus\juel\juel-impl\2.2.1\juel-impl-2.2.1.jar;C:\Users\ct1\.m2\repository\postgresql\postgresql\9.1-901.jdbc4\postgresql-9.1-901.jdbc4.jar;C:\Users\ct1\.m2\repository\org\slf4j\slf4j-log4j12\1.5.6\slf4j-log4j12-1.5.6.jar;C:\Users\ct1\.m2\repository\cglib\cglib\2.2\cglib-2.2.jar;C:\Users\ct1\.m2\repository\asm\asm\3.1\asm-3.1.jar;C:\Users\ct1\.m2\repository\org\beanshell\bsh\2.0b5\bsh-2.0b5.jar;C:\Users\ct1\.m2\repository\commons-configuration\commons-configuration\1.8\commons-configuration-1.8.jar;C:\Users\ct1\.m2\repository\taglibs\standard\1.1.2\standard-1.1.2.jar;"/>
    <property name="java.specification.name" value="Java Platform API Specification"/>
    <property name="java.class.version" value="51.0"/>
    <property name="sun.management.compiler" value="HotSpot 64-Bit Tiered Compilers"/>
    <property name="os.version" value="6.1"/>
    <property name="user.home" value="C:\Users\ct1"/>
    <property name="user.timezone" value="UTC"/>
    <property name="java.awt.printerjob" value="sun.awt.windows.WPrinterJob"/>
    <property name="java.specification.version" value="1.7"/>
    <property name="file.encoding" value="Cp1252"/>
    <property name="user.name" value="ct1"/>
    <property name="java.class.path" value="C:\Projects\GitHub\core-rnd\target\test-classes;C:\Projects\GitHub\core-rnd\target\classes;C:\Users\ct1\.m2\repository\javax\ejb\ejb-api\3.0\ejb-api-3.0.jar;C:\Users\ct1\.m2\repository\javax\transaction\jta\1.0.1B\jta-1.0.1B.jar;C:\Users\ct1\.m2\repository\javax\validation\validation-api\1.0.0.GA\validation-api-1.0.0.GA.jar;C:\Users\ct1\.m2\repository\org\springframework\spring-test\3.2.3.RELEASE\spring-test-3.2.3.RELEASE.jar;C:\Users\ct1\.m2\repository\org\springframework\spring-core\3.2.3.RELEASE\spring-core-3.2.3.RELEASE.jar;C:\Users\ct1\.m2\repository\commons-logging\commons-logging\1.1\commons-logging-1.1.jar;C:\Users\ct1\.m2\repository\org\springframework\spring-context\3.2.3.RELEASE\spring-context-3.2.3.RELEASE.jar;C:\Users\ct1\.m2\repository\org\springframework\spring-aop\3.2.3.RELEASE\spring-aop-3.2.3.RELEASE.jar;C:\Users\ct1\.m2\repository\aopalliance\aopalliance\1.0\aopalliance-1.0.jar;C:\Users\ct1\.m2\repository\org\springframework\spring-beans\3.2.3.RELEASE\spring-beans-3.2.3.RELEASE.jar;C:\Users\ct1\.m2\repository\org\springframework\spring-expression\3.2.3.RELEASE\spring-expression-3.2.3.RELEASE.jar;C:\Users\ct1\.m2\repository\org\springframework\spring-orm\3.2.3.RELEASE\spring-orm-3.2.3.RELEASE.jar;C:\Users\ct1\.m2\repository\org\springframework\spring-jdbc\3.2.3.RELEASE\spring-jdbc-3.2.3.RELEASE.jar;C:\Users\ct1\.m2\repository\org\springframework\spring-tx\3.2.3.RELEASE\spring-tx-3.2.3.RELEASE.jar;C:\Users\ct1\.m2\repository\org\springframework\spring-oxm\3.2.3.RELEASE\spring-oxm-3.2.3.RELEASE.jar;C:\Users\ct1\.m2\repository\org\springframework\spring-aspects\3.2.3.RELEASE\spring-aspects-3.2.3.RELEASE.jar;C:\Users\ct1\.m2\repository\org\aspectj\aspectjweaver\1.7.2\aspectjweaver-1.7.2.jar;C:\Users\ct1\.m2\repository\org\springframework\spring-context-support\3.2.3.RELEASE\spring-context-support-3.2.3.RELEASE.jar;C:\Users\ct1\.m2\repository\org\springframework\security\spring-security-core\3.2.0.M2\spring-security-core-3.2.0.M2.jar;C:\Users\ct1\.m2\repository\org\springframework\spring-web\3.2.3.RELEASE\spring-web-3.2.3.RELEASE.jar;C:\Users\ct1\.m2\repository\org\springframework\spring-webmvc\3.2.3.RELEASE\spring-webmvc-3.2.3.RELEASE.jar;C:\Users\ct1\.m2\repository\org\springframework\security\spring-security-config\3.2.0.M2\spring-security-config-3.2.0.M2.jar;C:\Users\ct1\.m2\repository\org\springframework\security\spring-security-openid\3.2.0.M2\spring-security-openid-3.2.0.M2.jar;C:\Users\ct1\.m2\repository\org\apache\httpcomponents\httpclient\4.1.1\httpclient-4.1.1.jar;C:\Users\ct1\.m2\repository\org\apache\httpcomponents\httpcore\4.1\httpcore-4.1.jar;C:\Users\ct1\.m2\repository\commons-codec\commons-codec\1.4\commons-codec-1.4.jar;C:\Users\ct1\.m2\repository\com\google\inject\guice\2.0\guice-2.0.jar;C:\Users\ct1\.m2\repository\org\openid4java\openid4java-nodeps\0.9.6\openid4java-nodeps-0.9.6.jar;C:\Users\ct1\.m2\repository\net\jcip\jcip-annotations\1.0\jcip-annotations-1.0.jar;C:\Users\ct1\.m2\repository\org\springframework\security\spring-security-web\3.2.0.M2\spring-security-web-3.2.0.M2.jar;C:\Users\ct1\.m2\repository\org\springframework\security\spring-security-taglibs\3.2.0.M2\spring-security-taglibs-3.2.0.M2.jar;C:\Users\ct1\.m2\repository\org\springframework\security\spring-security-acl\3.2.0.M2\spring-security-acl-3.2.0.M2.jar;C:\Users\ct1\.m2\repository\org\springframework\batch\spring-batch-core\2.1.8.RELEASE\spring-batch-core-2.1.8.RELEASE.jar;C:\Users\ct1\.m2\repository\org\springframework\batch\spring-batch-infrastructure\2.1.8.RELEASE\spring-batch-infrastructure-2.1.8.RELEASE.jar;C:\Users\ct1\.m2\repository\com\thoughtworks\xstream\xstream\1.3\xstream-1.3.jar;C:\Users\ct1\.m2\repository\xpp3\xpp3_min\1.1.4c\xpp3_min-1.1.4c.jar;C:\Users\ct1\.m2\repository\org\codehaus\jettison\jettison\1.1\jettison-1.1.jar;C:\Users\ct1\.m2\repository\org\springframework\batch\spring-batch-test\2.1.8.RELEASE\spring-batch-test-2.1.8.RELEASE.jar;C:\Users\ct1\.m2\repository\junit\junit\4.8.1\junit-4.8.1.jar;C:\Users\ct1\.m2\repository\commons-io\commons-io\2.1\commons-io-2.1.jar;C:\Users\ct1\.m2\repository\commons-dbcp\commons-dbcp\1.4\commons-dbcp-1.4.jar;C:\Users\ct1\.m2\repository\commons-pool\commons-pool\1.5.4\commons-pool-1.5.4.jar;C:\Users\ct1\.m2\repository\commons-collections\commons-collections\3.2.1\commons-collections-3.2.1.jar;C:\Users\ct1\.m2\repository\org\codehaus\jackson\jackson-mapper-asl\1.9.10\jackson-mapper-asl-1.9.10.jar;C:\Users\ct1\.m2\repository\org\codehaus\jackson\jackson-core-asl\1.9.10\jackson-core-asl-1.9.10.jar;C:\Users\ct1\.m2\repository\org\hibernate\hibernate-core\4.1.9.Final\hibernate-core-4.1.9.Final.jar;C:\Users\ct1\.m2\repository\antlr\antlr\2.7.7\antlr-2.7.7.jar;C:\Users\ct1\.m2\repository\org\jboss\logging\jboss-logging\3.1.0.GA\jboss-logging-3.1.0.GA.jar;C:\Users\ct1\.m2\repository\org\javassist\javassist\3.17.1-GA\javassist-3.17.1-GA.jar;C:\Users\ct1\.m2\repository\org\jboss\spec\javax\transaction\jboss-transaction-api_1.1_spec\1.0.0.Final\jboss-transaction-api_1.1_spec-1.0.0.Final.jar;C:\Users\ct1\.m2\repository\dom4j\dom4j\1.6.1\dom4j-1.6.1.jar;C:\Users\ct1\.m2\repository\org\hibernate\javax\persistence\hibernate-jpa-2.0-api\1.0.1.Final\hibernate-jpa-2.0-api-1.0.1.Final.jar;C:\Users\ct1\.m2\repository\org\hibernate\common\hibernate-commons-annotations\4.0.1.Final\hibernate-commons-annotations-4.0.1.Final.jar;C:\Users\ct1\.m2\repository\org\hibernate\hibernate-validator\4.0.2.GA\hibernate-validator-4.0.2.GA.jar;C:\Users\ct1\.m2\repository\org\slf4j\slf4j-api\1.5.6\slf4j-api-1.5.6.jar;C:\Users\ct1\.m2\repository\javax\xml\bind\jaxb-api\2.1\jaxb-api-2.1.jar;C:\Users\ct1\.m2\repository\javax\xml\stream\stax-api\1.0-2\stax-api-1.0-2.jar;C:\Users\ct1\.m2\repository\javax\activation\activation\1.1\activation-1.1.jar;C:\Users\ct1\.m2\repository\com\sun\xml\bind\jaxb-impl\2.1.3\jaxb-impl-2.1.3.jar;C:\Users\ct1\.m2\repository\org\hibernate\hibernate-search\4.2.0.Final\hibernate-search-4.2.0.Final.jar;C:\Users\ct1\.m2\repository\org\hibernate\hibernate-search-orm\4.2.0.Final\hibernate-search-orm-4.2.0.Final.jar;C:\Users\ct1\.m2\repository\org\hibernate\hibernate-search-engine\4.2.0.Final\hibernate-search-engine-4.2.0.Final.jar;C:\Users\ct1\.m2\repository\org\hibernate\hibernate-search-analyzers\4.2.0.Final\hibernate-search-analyzers-4.2.0.Final.jar;C:\Users\ct1\.m2\repository\org\apache\lucene\lucene-core\3.6.2\lucene-core-3.6.2.jar;C:\Users\ct1\.m2\repository\org\apache\lucene\lucene-analyzers\3.6.2\lucene-analyzers-3.6.2.jar;C:\Users\ct1\.m2\repository\org\apache\solr\solr-analysis-extras\3.6.2\solr-analysis-extras-3.6.2.jar;C:\Users\ct1\.m2\repository\org\apache\solr\solr-core\3.6.2\solr-core-3.6.2.jar;C:\Users\ct1\.m2\repository\org\apache\solr\solr-solrj\3.6.2\solr-solrj-3.6.2.jar;C:\Users\ct1\.m2\repository\org\apache\lucene\lucene-highlighter\3.6.2\lucene-highlighter-3.6.2.jar;C:\Users\ct1\.m2\repository\org\apache\lucene\lucene-memory\3.6.2\lucene-memory-3.6.2.jar;C:\Users\ct1\.m2\repository\org\apache\lucene\lucene-kuromoji\3.6.2\lucene-kuromoji-3.6.2.jar;C:\Users\ct1\.m2\repository\org\apache\lucene\lucene-misc\3.6.2\lucene-misc-3.6.2.jar;C:\Users\ct1\.m2\repository\org\apache\lucene\lucene-phonetic\3.6.2\lucene-phonetic-3.6.2.jar;C:\Users\ct1\.m2\repository\org\apache\lucene\lucene-spatial\3.6.2\lucene-spatial-3.6.2.jar;C:\Users\ct1\.m2\repository\org\apache\lucene\lucene-spellchecker\3.6.2\lucene-spellchecker-3.6.2.jar;C:\Users\ct1\.m2\repository\org\apache\lucene\lucene-grouping\3.6.2\lucene-grouping-3.6.2.jar;C:\Users\ct1\.m2\repository\commons-lang\commons-lang\2.5\commons-lang-2.5.jar;C:\Users\ct1\.m2\repository\com\google\guava\guava\r05\guava-r05.jar;C:\Users\ct1\.m2\repository\org\apache\lucene\lucene-smartcn\3.6.2\lucene-smartcn-3.6.2.jar;C:\Users\ct1\.m2\repository\org\apache\lucene\lucene-stempel\3.6.2\lucene-stempel-3.6.2.jar;C:\Users\ct1\.m2\repository\org\apache\avro\avro\1.6.3\avro-1.6.3.jar;C:\Users\ct1\.m2\repository\com\thoughtworks\paranamer\paranamer\2.3\paranamer-2.3.jar;C:\Users\ct1\.m2\repository\org\xerial\snappy\snappy-java\1.0.4.1\snappy-java-1.0.4.1.jar;C:\Users\ct1\.m2\repository\org\apache\lucene\lucene-facet\3.6.2\lucene-facet-3.6.2.jar;C:\Users\ct1\.m2\repository\javassist\javassist\3.8.0.GA\javassist-3.8.0.GA.jar;C:\Users\ct1\.m2\repository\log4j\log4j\1.2.16\log4j-1.2.16.jar;C:\Users\ct1\.m2\repository\logkit\logkit\1.0.1\logkit-1.0.1.jar;C:\Users\ct1\.m2\repository\avalon-framework\avalon-framework\4.1.3\avalon-framework-4.1.3.jar;C:\Users\ct1\.m2\repository\javax\servlet\servlet-api\2.3\servlet-api-2.3.jar;C:\Users\ct1\.m2\repository\commons-chain\commons-chain\1.1\commons-chain-1.1.jar;C:\Users\ct1\.m2\repository\javax\portlet\portlet-api\1.0\portlet-api-1.0.jar;C:\Users\ct1\.m2\repository\myfaces\myfaces-api\1.1.0\myfaces-api-1.1.0.jar;C:\Users\ct1\.m2\repository\commons-beanutils\commons-beanutils\1.8.0\commons-beanutils-1.8.0.jar;C:\Users\ct1\.m2\repository\commons-digester\commons-digester\1.6\commons-digester-1.6.jar;C:\Users\ct1\.m2\repository\xml-apis\xml-apis\1.0.b2\xml-apis-1.0.b2.jar;C:\Users\ct1\.m2\repository\commons-el\commons-el\1.0\commons-el-1.0.jar;C:\Users\ct1\.m2\repository\commons-fileupload\commons-fileupload\1.2.2\commons-fileupload-1.2.2.jar;C:\Users\ct1\.m2\repository\commons-validator\commons-validator\1.1.4\commons-validator-1.1.4.jar;C:\Users\ct1\.m2\repository\oro\oro\2.0.8\oro-2.0.8.jar;C:\Users\ct1\.m2\repository\javax\servlet\jstl\1.1.2\jstl-1.1.2.jar;C:\Users\ct1\.m2\repository\org\opensymphony\quartz\quartz\1.6.1\quartz-1.6.1.jar;C:\Users\ct1\.m2\repository\javax\persistence\persistence-api\1.0\persistence-api-1.0.jar;C:\Users\ct1\.m2\repository\org\activiti\activiti-engine\5.6\activiti-engine-5.6.jar;C:\Users\ct1\.m2\repository\org\apache\commons\commons-email\1.2\commons-email-1.2.jar;C:\Users\ct1\.m2\repository\javax\mail\mail\1.4.1\mail-1.4.1.jar;C:\Users\ct1\.m2\repository\org\livetribe\livetribe-jsr223\2.0.6\livetribe-jsr223-2.0.6.jar;C:\Users\ct1\.m2\repository\org\mybatis\mybatis\3.0.4\mybatis-3.0.4.jar;C:\Users\ct1\.m2\repository\org\activiti\activiti-spring\5.6\activiti-spring-5.6.jar;C:\Users\ct1\.m2\repository\de\odysseus\juel\juel-impl\2.2.1\juel-impl-2.2.1.jar;C:\Users\ct1\.m2\repository\postgresql\postgresql\9.1-901.jdbc4\postgresql-9.1-901.jdbc4.jar;C:\Users\ct1\.m2\repository\org\slf4j\slf4j-log4j12\1.5.6\slf4j-log4j12-1.5.6.jar;C:\Users\ct1\.m2\repository\cglib\cglib\2.2\cglib-2.2.jar;C:\Users\ct1\.m2\repository\asm\asm\3.1\asm-3.1.jar;C:\Users\ct1\.m2\repository\org\beanshell\bsh\2.0b5\bsh-2.0b5.jar;C:\Users\ct1\.m2\repository\commons-configuration\commons-configuration\1.8\commons-configuration-1.8.jar;C:\Users\ct1\.m2\repository\taglibs\standard\1.1.2\standard-1.1.2.jar;"/>
    <property name="java.vm.specification.version" value="1.7"/>
    <property name="sun.arch.data.model" value="64"/>
    <property name="java.home" value="C:\Java\jdk1.7.0_21\jre"/>
    <property name="sun.java.command" value="C:\Users\ct1\AppData\Local\Temp\surefirebooter8179451614457497051.jar C:\Users\ct1\AppData\Local\Temp\surefire6594132520485877420tmp C:\Users\ct1\AppData\Local\Temp\surefire3120575858819501942tmp"/>
    <property name="java.specification.vendor" value="Oracle Corporation"/>
    <property name="user.language" value="en"/>
    <property name="awt.toolkit" value="sun.awt.windows.WToolkit"/>
    <property name="java.vm.info" value="mixed mode"/>
    <property name="java.version" value="1.7.0_21"/>
    <property name="java.ext.dirs" value="C:\Java\jdk1.7.0_21\jre\lib\ext;C:\Windows\Sun\Java\lib\ext"/>
    <property name="sun.boot.class.path" value="C:\Java\jdk1.7.0_21\jre\lib\resources.jar;C:\Java\jdk1.7.0_21\jre\lib\rt.jar;C:\Java\jdk1.7.0_21\jre\lib\sunrsasign.jar;C:\Java\jdk1.7.0_21\jre\lib\jsse.jar;C:\Java\jdk1.7.0_21\jre\lib\jce.jar;C:\Java\jdk1.7.0_21\jre\lib\charsets.jar;C:\Java\jdk1.7.0_21\jre\lib\jfr.jar;C:\Java\jdk1.7.0_21\jre\classes"/>
    <property name="java.vendor" value="Oracle Corporation"/>
    <property name="localRepository" value="C:\Users\ct1\.m2\repository"/>
    <property name="file.separator" value="\"/>
    <property name="java.vendor.url.bug" value="http://bugreport.sun.com/bugreport/"/>
    <property name="sun.cpu.endian" value="little"/>
    <property name="sun.io.unicode.encoding" value="UnicodeLittle"/>
    <property name="sun.desktop" value="windows"/>
    <property name="sun.cpu.isalist" value="amd64"/>
  </properties>
  <testcase time="304.145" classname="net.canang.corernd.core.RndUserDaoTest" name="findUser"/>
  <testcase time="1.919" classname="net.canang.corernd.core.RndUserDaoTest" name="addUser">
    <error message="Group should not be null" type="java.lang.IllegalArgumentException">java.lang.IllegalArgumentException: Group should not be null
	at org.apache.commons.lang.Validate.notNull(Validate.java:192)
	at net.canang.corernd.core.dao.impl.RndGroupDaoImpl.addMember(RndGroupDaoImpl.java:234)
	at net.canang.corernd.core.RndUserDaoTest.addUser(RndUserDaoTest.java:67)
	at sun.reflect.NativeMethodAccessorImpl.invoke0(Native Method)
	at sun.reflect.NativeMethodAccessorImpl.invoke(NativeMethodAccessorImpl.java:57)
	at sun.reflect.DelegatingMethodAccessorImpl.invoke(DelegatingMethodAccessorImpl.java:43)
	at java.lang.reflect.Method.invoke(Method.java:601)
	at org.junit.runners.model.FrameworkMethod$1.runReflectiveCall(FrameworkMethod.java:44)
	at org.junit.internal.runners.model.ReflectiveCallable.run(ReflectiveCallable.java:15)
	at org.junit.runners.model.FrameworkMethod.invokeExplosively(FrameworkMethod.java:41)
	at org.junit.internal.runners.statements.InvokeMethod.evaluate(InvokeMethod.java:20)
	at org.junit.internal.runners.statements.RunBefores.evaluate(RunBefores.java:28)
	at org.springframework.test.context.junit4.statements.RunBeforeTestMethodCallbacks.evaluate(RunBeforeTestMethodCallbacks.java:74)
	at org.springframework.test.context.junit4.statements.RunAfterTestMethodCallbacks.evaluate(RunAfterTestMethodCallbacks.java:83)
	at org.springframework.test.context.junit4.statements.SpringRepeat.evaluate(SpringRepeat.java:72)
	at org.springframework.test.context.junit4.SpringJUnit4ClassRunner.runChild(SpringJUnit4ClassRunner.java:231)
	at org.springframework.test.context.junit4.SpringJUnit4ClassRunner.runChild(SpringJUnit4ClassRunner.java:88)
	at org.junit.runners.ParentRunner$3.run(ParentRunner.java:193)
	at org.junit.runners.ParentRunner$1.schedule(ParentRunner.java:52)
	at org.junit.runners.ParentRunner.runChildren(ParentRunner.java:191)
	at org.junit.runners.ParentRunner.access$000(ParentRunner.java:42)
	at org.junit.runners.ParentRunner$2.evaluate(ParentRunner.java:184)
	at org.springframework.test.context.junit4.statements.RunBeforeTestClassCallbacks.evaluate(RunBeforeTestClassCallbacks.java:61)
	at org.springframework.test.context.junit4.statements.RunAfterTestClassCallbacks.evaluate(RunAfterTestClassCallbacks.java:71)
	at org.junit.runners.ParentRunner.run(ParentRunner.java:236)
	at org.springframework.test.context.junit4.SpringJUnit4ClassRunner.run(SpringJUnit4ClassRunner.java:174)
	at org.apache.maven.surefire.junit4.JUnit4TestSet.execute(JUnit4TestSet.java:62)
	at org.apache.maven.surefire.suite.AbstractDirectoryTestSuite.executeTestSet(AbstractDirectoryTestSuite.java:140)
	at org.apache.maven.surefire.suite.AbstractDirectoryTestSuite.execute(AbstractDirectoryTestSuite.java:127)
	at org.apache.maven.surefire.Surefire.run(Surefire.java:177)
	at sun.reflect.NativeMethodAccessorImpl.invoke0(Native Method)
	at sun.reflect.NativeMethodAccessorImpl.invoke(NativeMethodAccessorImpl.java:57)
	at sun.reflect.DelegatingMethodAccessorImpl.invoke(DelegatingMethodAccessorImpl.java:43)
	at java.lang.reflect.Method.invoke(Method.java:601)
	at org.apache.maven.surefire.booter.SurefireBooter.runSuitesInProcess(SurefireBooter.java:345)
	at org.apache.maven.surefire.booter.SurefireBooter.main(SurefireBooter.java:1009)
</error>
  </testcase>
  <testcase time="0.013" classname="net.canang.corernd.core.RndUserDaoTest" name="createUser">
    <error message="User cannot be null" type="java.lang.IllegalArgumentException">java.lang.IllegalArgumentException: User cannot be null
	at org.apache.commons.lang.Validate.notNull(Validate.java:192)
	at net.canang.corernd.core.dao.DaoSupport.save(DaoSupport.java:119)
	at net.canang.corernd.core.dao.impl.RndUserDaoImpl.save(RndUserDaoImpl.java:22)
	at net.canang.corernd.core.RndUserDaoTest.createUser(RndUserDaoTest.java:120)
	at sun.reflect.NativeMethodAccessorImpl.invoke0(Native Method)
	at sun.reflect.NativeMethodAccessorImpl.invoke(NativeMethodAccessorImpl.java:57)
	at sun.reflect.DelegatingMethodAccessorImpl.invoke(DelegatingMethodAccessorImpl.java:43)
	at java.lang.reflect.Method.invoke(Method.java:601)
	at org.junit.runners.model.FrameworkMethod$1.runReflectiveCall(FrameworkMethod.java:44)
	at org.junit.internal.runners.model.ReflectiveCallable.run(ReflectiveCallable.java:15)
	at org.junit.runners.model.FrameworkMethod.invokeExplosively(FrameworkMethod.java:41)
	at org.junit.internal.runners.statements.InvokeMethod.evaluate(InvokeMethod.java:20)
	at org.junit.internal.runners.statements.RunBefores.evaluate(RunBefores.java:28)
	at org.springframework.test.context.junit4.statements.RunBeforeTestMethodCallbacks.evaluate(RunBeforeTestMethodCallbacks.java:74)
	at org.springframework.test.context.junit4.statements.RunAfterTestMethodCallbacks.evaluate(RunAfterTestMethodCallbacks.java:83)
	at org.springframework.test.context.junit4.statements.SpringRepeat.evaluate(SpringRepeat.java:72)
	at org.springframework.test.context.junit4.SpringJUnit4ClassRunner.runChild(SpringJUnit4ClassRunner.java:231)
	at org.springframework.test.context.junit4.SpringJUnit4ClassRunner.runChild(SpringJUnit4ClassRunner.java:88)
	at org.junit.runners.ParentRunner$3.run(ParentRunner.java:193)
	at org.junit.runners.ParentRunner$1.schedule(ParentRunner.java:52)
	at org.junit.runners.ParentRunner.runChildren(ParentRunner.java:191)
	at org.junit.runners.ParentRunner.access$000(ParentRunner.java:42)
	at org.junit.runners.ParentRunner$2.evaluate(ParentRunner.java:184)
	at org.springframework.test.context.junit4.statements.RunBeforeTestClassCallbacks.evaluate(RunBeforeTestClassCallbacks.java:61)
	at org.springframework.test.context.junit4.statements.RunAfterTestClassCallbacks.evaluate(RunAfterTestClassCallbacks.java:71)
	at org.junit.runners.ParentRunner.run(ParentRunner.java:236)
	at org.springframework.test.context.junit4.SpringJUnit4ClassRunner.run(SpringJUnit4ClassRunner.java:174)
	at org.apache.maven.surefire.junit4.JUnit4TestSet.execute(JUnit4TestSet.java:62)
	at org.apache.maven.surefire.suite.AbstractDirectoryTestSuite.executeTestSet(AbstractDirectoryTestSuite.java:140)
	at org.apache.maven.surefire.suite.AbstractDirectoryTestSuite.execute(AbstractDirectoryTestSuite.java:127)
	at org.apache.maven.surefire.Surefire.run(Surefire.java:177)
	at sun.reflect.NativeMethodAccessorImpl.invoke0(Native Method)
	at sun.reflect.NativeMethodAccessorImpl.invoke(NativeMethodAccessorImpl.java:57)
	at sun.reflect.DelegatingMethodAccessorImpl.invoke(DelegatingMethodAccessorImpl.java:43)
	at java.lang.reflect.Method.invoke(Method.java:601)
	at org.apache.maven.surefire.booter.SurefireBooter.runSuitesInProcess(SurefireBooter.java:345)
	at org.apache.maven.surefire.booter.SurefireBooter.main(SurefireBooter.java:1009)
</error>
  </testcase>
  <testcase time="1.878" classname="net.canang.corernd.core.RndUserDaoTest" name="createHierarchicalGroup">
    <error message="null identifier" type="org.hibernate.AssertionFailure">org.hibernate.AssertionFailure: null identifier
	at org.hibernate.engine.spi.EntityKey.&lt;init&gt;(EntityKey.java:69)
	at org.hibernate.internal.AbstractSessionImpl.generateEntityKey(AbstractSessionImpl.java:247)
	at org.hibernate.event.internal.DefaultRefreshEventListener.onRefresh(DefaultRefreshEventListener.java:100)
	at org.hibernate.event.internal.DefaultRefreshEventListener.onRefresh(DefaultRefreshEventListener.java:63)
	at org.hibernate.internal.SessionImpl.fireRefresh(SessionImpl.java:1122)
	at org.hibernate.internal.SessionImpl.refresh(SessionImpl.java:1099)
	at org.hibernate.internal.SessionImpl.refresh(SessionImpl.java:1094)
	at net.canang.corernd.core.RndUserDaoTest.createHierarchicalGroup(RndUserDaoTest.java:86)
	at sun.reflect.NativeMethodAccessorImpl.invoke0(Native Method)
	at sun.reflect.NativeMethodAccessorImpl.invoke(NativeMethodAccessorImpl.java:57)
	at sun.reflect.DelegatingMethodAccessorImpl.invoke(DelegatingMethodAccessorImpl.java:43)
	at java.lang.reflect.Method.invoke(Method.java:601)
	at org.junit.runners.model.FrameworkMethod$1.runReflectiveCall(FrameworkMethod.java:44)
	at org.junit.internal.runners.model.ReflectiveCallable.run(ReflectiveCallable.java:15)
	at org.junit.runners.model.FrameworkMethod.invokeExplosively(FrameworkMethod.java:41)
	at org.junit.internal.runners.statements.InvokeMethod.evaluate(InvokeMethod.java:20)
	at org.junit.internal.runners.statements.RunBefores.evaluate(RunBefores.java:28)
	at org.springframework.test.context.junit4.statements.RunBeforeTestMethodCallbacks.evaluate(RunBeforeTestMethodCallbacks.java:74)
	at org.springframework.test.context.junit4.statements.RunAfterTestMethodCallbacks.evaluate(RunAfterTestMethodCallbacks.java:83)
	at org.springframework.test.context.junit4.statements.SpringRepeat.evaluate(SpringRepeat.java:72)
	at org.springframework.test.context.junit4.SpringJUnit4ClassRunner.runChild(SpringJUnit4ClassRunner.java:231)
	at org.springframework.test.context.junit4.SpringJUnit4ClassRunner.runChild(SpringJUnit4ClassRunner.java:88)
	at org.junit.runners.ParentRunner$3.run(ParentRunner.java:193)
	at org.junit.runners.ParentRunner$1.schedule(ParentRunner.java:52)
	at org.junit.runners.ParentRunner.runChildren(ParentRunner.java:191)
	at org.junit.runners.ParentRunner.access$000(ParentRunner.java:42)
	at org.junit.runners.ParentRunner$2.evaluate(ParentRunner.java:184)
	at org.springframework.test.context.junit4.statements.RunBeforeTestClassCallbacks.evaluate(RunBeforeTestClassCallbacks.java:61)
	at org.springframework.test.context.junit4.statements.RunAfterTestClassCallbacks.evaluate(RunAfterTestClassCallbacks.java:71)
	at org.junit.runners.ParentRunner.run(ParentRunner.java:236)
	at org.springframework.test.context.junit4.SpringJUnit4ClassRunner.run(SpringJUnit4ClassRunner.java:174)
	at org.apache.maven.surefire.junit4.JUnit4TestSet.execute(JUnit4TestSet.java:62)
	at org.apache.maven.surefire.suite.AbstractDirectoryTestSuite.executeTestSet(AbstractDirectoryTestSuite.java:140)
	at org.apache.maven.surefire.suite.AbstractDirectoryTestSuite.execute(AbstractDirectoryTestSuite.java:127)
	at org.apache.maven.surefire.Surefire.run(Surefire.java:177)
	at sun.reflect.NativeMethodAccessorImpl.invoke0(Native Method)
	at sun.reflect.NativeMethodAccessorImpl.invoke(NativeMethodAccessorImpl.java:57)
	at sun.reflect.DelegatingMethodAccessorImpl.invoke(DelegatingMethodAccessorImpl.java:43)
	at java.lang.reflect.Method.invoke(Method.java:601)
	at org.apache.maven.surefire.booter.SurefireBooter.runSuitesInProcess(SurefireBooter.java:345)
	at org.apache.maven.surefire.booter.SurefireBooter.main(SurefireBooter.java:1009)
</error>
  </testcase>
</testsuite>